2022-02-09 15:37:21,279 - root - INFO - connecting to mysql db Host:localhost,User:root
2022-02-09 15:37:21,479 - root - INFO - Database cardataset created
2022-02-09 15:37:21,798 - root - INFO - connecting to mysql db Host:localhost,User:root,Database:cardataset
2022-02-09 15:37:22,794 - root - INFO - Table car created with query CREATE TABLE IF NOT EXISTS cardataset.car(buying varchar(10), maint varchar(10), doors varchar(10), persons varchar(10), lug_boot varchar(10), safety varchar(10), class varchar(10))
2022-02-09 15:37:22,834 - root - INFO - connecting to mysql db Host:localhost,User:root,Database:cardataset
2022-02-09 15:37:22,946 - root - INFO - File D:\python_1\car.data opened
2022-02-09 15:37:23,578 - root - INFO - File D:\python_1\car.data data inserted into car; record count 1728
2022-02-09 15:37:23,682 - root - INFO - connecting to mysql db Host:localhost,User:root,Database:cardataset
2022-02-09 15:37:23,794 - root - INFO - Checking count of records from table car
2022-02-09 15:37:23,794 - root - INFO - The car has 1728 records
2022-02-09 15:37:25,866 - root - INFO - connecting to mysql db Host:localhost,User:root,Database:cardataset
2022-02-09 15:37:25,938 - root - INFO - The group count of buying in car has been checked
2022-02-09 15:37:26,948 - root - INFO - connecting to mysql db Host:localhost,User:root,Database:cardataset
2022-02-09 15:37:27,028 - root - INFO - The filter criteria {'buying': 'high', 'doors': '3'} of car has been performed successfully
2022-02-09 15:37:27,028 - root - INFO - 108 records fetched
2022-02-09 15:37:29,518 - root - INFO - connecting to mysql db Host:localhost,User:root,Database:cardataset
2022-02-09 15:37:29,782 - root - INFO - The update operation on car with set condition doors='8' and filter condition doors='3' has been performed successfully
2022-02-09 15:37:29,782 - root - INFO - Total 432 updated
2022-02-09 15:37:32,916 - root - INFO - connecting to mysql db Host:localhost,User:root,Database:cardataset
2022-02-09 15:37:33,745 - root - INFO - The table car has been deleted
2022-02-09 15:37:33,785 - root - INFO - connecting to mysql db Host:localhost,User:root
2022-02-09 15:37:34,009 - root - INFO - The database cardataset has been deleted
